WARNING:tensorflow:From /gpfs/research/software/python/anaconda38/lib/python3.8/site-packages/tensorflow/python/compat/v2_compat.py:96: disable_resource_variables (from tensorflow.python.ops.variable_scope) is deprecated and will be removed in a future version.
Instructions for updating:
non-resource variables are not supported in the long term
WARNING:tensorflow:From /gpfs/home/sy12b/.local/lib/python3.8/site-packages/deepxde/maps/fnn.py:76: dense (from tensorflow.python.layers.core) is deprecated and will be removed in a future version.
Instructions for updating:
Use keras.layers.Dense instead.
WARNING:tensorflow:From /gpfs/research/software/python/anaconda38/lib/python3.8/site-packages/tensorflow/python/layers/core.py:187: Layer.apply (from tensorflow.python.keras.engine.base_layer_v1) is deprecated and will be removed in a future version.
Instructions for updating:
Please use `layer.__call__` method instead.
Using TensorFlow 2 backend.

Set float to float64
Warning: 1000 points required, but 1023 points sampled.
Compiling model...
Building feed-forward neural network...
'build' took 0.187903 s

2021-01-16 19:21:54.940419: I tensorflow/core/platform/cpu_feature_guard.cc:143] Your CPU supports instructions that this TensorFlow binary was not compiled to use: SSE4.1 SSE4.2 AVX AVX2 FMA
2021-01-16 19:21:54.951746: I tensorflow/core/platform/profile_utils/cpu_utils.cc:102] CPU Frequency: 2000070000 Hz
2021-01-16 19:21:54.952448: I tensorflow/compiler/xla/service/service.cc:168] XLA service 0x55ce740069e0 initialized for platform Host (this does not guarantee that XLA will be used). Devices:
2021-01-16 19:21:54.952515: I tensorflow/compiler/xla/service/service.cc:176]   StreamExecutor device (0): Host, Default Version
2021-01-16 19:21:54.954673: I tensorflow/stream_executor/platform/default/dso_loader.cc:44] Successfully opened dynamic library libcuda.so.1
2021-01-16 19:21:55.681183: I tensorflow/core/common_runtime/gpu/gpu_device.cc:1561] Found device 0 with properties: 
pciBusID: 0000:02:00.0 name: GeForce GTX 1080 Ti computeCapability: 6.1
coreClock: 1.582GHz coreCount: 28 deviceMemorySize: 10.92GiB deviceMemoryBandwidth: 451.17GiB/s
2021-01-16 19:21:55.682954: I tensorflow/core/common_runtime/gpu/gpu_device.cc:1561] Found device 1 with properties: 
pciBusID: 0000:03:00.0 name: GeForce GTX 1080 Ti computeCapability: 6.1
coreClock: 1.582GHz coreCount: 28 deviceMemorySize: 10.92GiB deviceMemoryBandwidth: 451.17GiB/s
2021-01-16 19:21:55.684657: I tensorflow/core/common_runtime/gpu/gpu_device.cc:1561] Found device 2 with properties: 
pciBusID: 0000:81:00.0 name: GeForce GTX 1080 Ti computeCapability: 6.1
coreClock: 1.582GHz coreCount: 28 deviceMemorySize: 10.92GiB deviceMemoryBandwidth: 451.17GiB/s
2021-01-16 19:21:55.686351: I tensorflow/core/common_runtime/gpu/gpu_device.cc:1561] Found device 3 with properties: 
pciBusID: 0000:82:00.0 name: GeForce GTX 1080 Ti computeCapability: 6.1
coreClock: 1.582GHz coreCount: 28 deviceMemorySize: 10.92GiB deviceMemoryBandwidth: 451.17GiB/s
2021-01-16 19:21:55.747448: I tensorflow/stream_executor/platform/default/dso_loader.cc:44] Successfully opened dynamic library libcudart.so.10.1
2021-01-16 19:21:56.202281: I tensorflow/stream_executor/platform/default/dso_loader.cc:44] Successfully opened dynamic library libcublas.so.10
2021-01-16 19:21:56.393337: I tensorflow/stream_executor/platform/default/dso_loader.cc:44] Successfully opened dynamic library libcufft.so.10
2021-01-16 19:21:56.903842: I tensorflow/stream_executor/platform/default/dso_loader.cc:44] Successfully opened dynamic library libcurand.so.10
2021-01-16 19:21:57.300549: I tensorflow/stream_executor/platform/default/dso_loader.cc:44] Successfully opened dynamic library libcusolver.so.10
2021-01-16 19:21:57.490950: I tensorflow/stream_executor/platform/default/dso_loader.cc:44] Successfully opened dynamic library libcusparse.so.10
2021-01-16 19:21:57.778790: I tensorflow/stream_executor/platform/default/dso_loader.cc:44] Successfully opened dynamic library libcudnn.so.7
2021-01-16 19:21:57.795177: I tensorflow/core/common_runtime/gpu/gpu_device.cc:1703] Adding visible gpu devices: 0, 1, 2, 3
2021-01-16 19:21:57.795287: I tensorflow/stream_executor/platform/default/dso_loader.cc:44] Successfully opened dynamic library libcudart.so.10.1
2021-01-16 19:21:57.802973: I tensorflow/core/common_runtime/gpu/gpu_device.cc:1102] Device interconnect StreamExecutor with strength 1 edge matrix:
2021-01-16 19:21:57.803012: I tensorflow/core/common_runtime/gpu/gpu_device.cc:1108]      0 1 2 3 
2021-01-16 19:21:57.803067: I tensorflow/core/common_runtime/gpu/gpu_device.cc:1121] 0:   N Y N N 
2021-01-16 19:21:57.803089: I tensorflow/core/common_runtime/gpu/gpu_device.cc:1121] 1:   Y N N N 
2021-01-16 19:21:57.803106: I tensorflow/core/common_runtime/gpu/gpu_device.cc:1121] 2:   N N N Y 
2021-01-16 19:21:57.803123: I tensorflow/core/common_runtime/gpu/gpu_device.cc:1121] 3:   N N Y N 
2021-01-16 19:21:57.813697: I tensorflow/core/common_runtime/gpu/gpu_device.cc:1247] Created TensorFlow device (/job:localhost/replica:0/task:0/device:GPU:0 with 10369 MB memory) -> physical GPU (device: 0, name: GeForce GTX 1080 Ti, pci bus id: 0000:02:00.0, compute capability: 6.1)
2021-01-16 19:21:57.846473: I tensorflow/core/common_runtime/gpu/gpu_device.cc:1247] Created TensorFlow device (/job:localhost/replica:0/task:0/device:GPU:1 with 10369 MB memory) -> physical GPU (device: 1, name: GeForce GTX 1080 Ti, pci bus id: 0000:03:00.0, compute capability: 6.1)
2021-01-16 19:21:57.850091: I tensorflow/core/common_runtime/gpu/gpu_device.cc:1247] Created TensorFlow device (/job:localhost/replica:0/task:0/device:GPU:2 with 10369 MB memory) -> physical GPU (device: 2, name: GeForce GTX 1080 Ti, pci bus id: 0000:81:00.0, compute capability: 6.1)
2021-01-16 19:21:57.853728: I tensorflow/core/common_runtime/gpu/gpu_device.cc:1247] Created TensorFlow device (/job:localhost/replica:0/task:0/device:GPU:3 with 10369 MB memory) -> physical GPU (device: 3, name: GeForce GTX 1080 Ti, pci bus id: 0000:82:00.0, compute capability: 6.1)
2021-01-16 19:21:57.856743: I tensorflow/compiler/xla/service/service.cc:168] XLA service 0x55ce761a7140 initialized for platform CUDA (this does not guarantee that XLA will be used). Devices:
2021-01-16 19:21:57.856786: I tensorflow/compiler/xla/service/service.cc:176]   StreamExecutor device (0): GeForce GTX 1080 Ti, Compute Capability 6.1
2021-01-16 19:21:57.856808: I tensorflow/compiler/xla/service/service.cc:176]   StreamExecutor device (1): GeForce GTX 1080 Ti, Compute Capability 6.1
2021-01-16 19:21:57.856826: I tensorflow/compiler/xla/service/service.cc:176]   StreamExecutor device (2): GeForce GTX 1080 Ti, Compute Capability 6.1
2021-01-16 19:21:57.856844: I tensorflow/compiler/xla/service/service.cc:176]   StreamExecutor device (3): GeForce GTX 1080 Ti, Compute Capability 6.1
'compile' took 4.599489 s

2021-01-16 19:22:06.947464: I tensorflow/stream_executor/platform/default/dso_loader.cc:44] Successfully opened dynamic library libcublas.so.10
Initializing variables...
Training model...

Step      Train loss                                                                          Test loss                                                                           Test metric
0         [4.33e+00, 1.38e+00, 9.40e-01, 2.03e+00, 1.40e-03, 4.40e-04, 2.34e-04, 1.32e+00]    [3.03e+00, 9.18e-01, 7.76e-01, 0.00e+00, 0.00e+00, 0.00e+00, 0.00e+00, 0.00e+00]    []  
100       [1.86e-03, 4.58e-03, 8.81e-03, 7.98e-03, 3.90e-05, 1.91e-03, 7.82e-05, 6.95e-04]    [1.60e-03, 3.10e-03, 3.78e-03, 0.00e+00, 0.00e+00, 0.00e+00, 0.00e+00, 0.00e+00]    []  
200       [1.10e-03, 3.08e-03, 2.90e-03, 2.17e-03, 5.60e-05, 5.64e-04, 1.91e-05, 1.17e-03]    [8.78e-04, 2.44e-03, 1.07e-03, 0.00e+00, 0.00e+00, 0.00e+00, 0.00e+00, 0.00e+00]    []  
300       [9.39e-04, 2.48e-03, 1.02e-03, 1.16e-03, 5.70e-05, 2.96e-04, 1.06e-05, 1.08e-03]    [6.08e-04, 1.80e-03, 5.23e-04, 0.00e+00, 0.00e+00, 0.00e+00, 0.00e+00, 0.00e+00]    []  
400       [8.42e-04, 1.80e-03, 5.29e-04, 8.18e-04, 4.22e-05, 2.06e-04, 1.48e-05, 8.74e-04]    [4.68e-04, 1.29e-03, 4.62e-04, 0.00e+00, 0.00e+00, 0.00e+00, 0.00e+00, 0.00e+00]    []  
500       [7.26e-04, 1.28e-03, 3.85e-04, 5.87e-04, 3.33e-05, 1.69e-04, 2.46e-05, 7.32e-04]    [3.69e-04, 9.35e-04, 4.33e-04, 0.00e+00, 0.00e+00, 0.00e+00, 0.00e+00, 0.00e+00]    []  
600       [6.01e-04, 9.18e-04, 3.23e-04, 4.16e-04, 2.92e-05, 1.39e-04, 3.29e-05, 6.29e-04]    [2.95e-04, 6.95e-04, 3.98e-04, 0.00e+00, 0.00e+00, 0.00e+00, 0.00e+00, 0.00e+00]    []  
700       [4.86e-04, 6.75e-04, 2.80e-04, 3.02e-04, 2.66e-05, 1.14e-04, 3.69e-05, 5.38e-04]    [2.42e-04, 5.30e-04, 3.58e-04, 0.00e+00, 0.00e+00, 0.00e+00, 0.00e+00, 0.00e+00]    []  
800       [3.90e-04, 5.12e-04, 2.44e-04, 2.35e-04, 2.41e-05, 9.29e-05, 3.65e-05, 4.51e-04]    [2.05e-04, 4.18e-04, 3.17e-04, 0.00e+00, 0.00e+00, 0.00e+00, 0.00e+00, 0.00e+00]    []  
900       [3.17e-04, 4.02e-04, 2.13e-04, 1.98e-04, 2.17e-05, 7.74e-05, 3.29e-05, 3.71e-04]    [1.80e-04, 3.42e-04, 2.79e-04, 0.00e+00, 0.00e+00, 0.00e+00, 0.00e+00, 0.00e+00]    []  
1000      [2.64e-04, 3.26e-04, 1.86e-04, 1.76e-04, 1.96e-05, 6.58e-05, 2.79e-05, 3.02e-04]    [1.65e-04, 2.92e-04, 2.43e-04, 0.00e+00, 0.00e+00, 0.00e+00, 0.00e+00, 0.00e+00]    []  
1100      [2.27e-04, 2.74e-04, 1.61e-04, 1.62e-04, 1.79e-05, 5.65e-05, 2.29e-05, 2.46e-04]    [1.55e-04, 2.58e-04, 2.10e-04, 0.00e+00, 0.00e+00, 0.00e+00, 0.00e+00, 0.00e+00]    []  
1200      [2.01e-04, 2.36e-04, 1.39e-04, 1.50e-04, 1.66e-05, 4.84e-05, 1.87e-05, 2.04e-04]    [1.49e-04, 2.36e-04, 1.81e-04, 0.00e+00, 0.00e+00, 0.00e+00, 0.00e+00, 0.00e+00]    []  
1300      [1.81e-04, 2.09e-04, 1.19e-04, 1.38e-04, 1.55e-05, 4.12e-05, 1.54e-05, 1.71e-04]    [1.45e-04, 2.22e-04, 1.57e-04, 0.00e+00, 0.00e+00, 0.00e+00, 0.00e+00, 0.00e+00]    []  
1400      [1.65e-04, 1.89e-04, 1.03e-04, 1.26e-04, 1.46e-05, 3.49e-05, 1.29e-05, 1.46e-04]    [1.41e-04, 2.11e-04, 1.36e-04, 0.00e+00, 0.00e+00, 0.00e+00, 0.00e+00, 0.00e+00]    []  
1500      [1.52e-04, 1.73e-04, 8.87e-05, 1.14e-04, 1.38e-05, 2.96e-05, 1.11e-05, 1.26e-04]    [1.37e-04, 2.03e-04, 1.18e-04, 0.00e+00, 0.00e+00, 0.00e+00, 0.00e+00, 0.00e+00]    []  
1600      [1.39e-04, 1.59e-04, 7.72e-05, 1.02e-04, 1.30e-05, 2.52e-05, 9.68e-06, 1.10e-04]    [1.32e-04, 1.96e-04, 1.04e-04, 0.00e+00, 0.00e+00, 0.00e+00, 0.00e+00, 0.00e+00]    []  
1700      [1.28e-04, 1.47e-04, 6.81e-05, 9.07e-05, 1.22e-05, 2.18e-05, 8.57e-06, 9.66e-05]    [1.26e-04, 1.88e-04, 9.21e-05, 0.00e+00, 0.00e+00, 0.00e+00, 0.00e+00, 0.00e+00]    []  
1800      [1.17e-04, 1.36e-04, 6.10e-05, 8.04e-05, 1.15e-05, 1.90e-05, 7.66e-06, 8.47e-05]    [1.19e-04, 1.81e-04, 8.24e-05, 0.00e+00, 0.00e+00, 0.00e+00, 0.00e+00, 0.00e+00]    []  
1900      [1.06e-04, 1.25e-04, 5.56e-05, 7.09e-05, 1.07e-05, 1.68e-05, 6.90e-06, 7.44e-05]    [1.12e-04, 1.73e-04, 7.44e-05, 0.00e+00, 0.00e+00, 0.00e+00, 0.00e+00, 0.00e+00]    []  
2000      [9.64e-05, 1.16e-04, 5.13e-05, 6.21e-05, 1.00e-05, 1.50e-05, 6.25e-06, 6.52e-05]    [1.04e-04, 1.64e-04, 6.78e-05, 0.00e+00, 0.00e+00, 0.00e+00, 0.00e+00, 0.00e+00]    []  
2100      [8.73e-05, 1.06e-04, 4.78e-05, 5.40e-05, 9.33e-06, 1.35e-05, 5.69e-06, 5.71e-05]    [9.60e-05, 1.55e-04, 6.22e-05, 0.00e+00, 0.00e+00, 0.00e+00, 0.00e+00, 0.00e+00]    []  
2200      [7.89e-05, 9.75e-05, 4.50e-05, 4.65e-05, 8.68e-06, 1.23e-05, 5.20e-06, 5.00e-05]    [8.83e-05, 1.46e-04, 5.74e-05, 0.00e+00, 0.00e+00, 0.00e+00, 0.00e+00, 0.00e+00]    []  
2300      [7.11e-05, 8.93e-05, 4.26e-05, 3.97e-05, 8.08e-06, 1.12e-05, 4.77e-06, 4.36e-05]    [8.09e-05, 1.36e-04, 5.33e-05, 0.00e+00, 0.00e+00, 0.00e+00, 0.00e+00, 0.00e+00]    []  
2400      [6.39e-05, 8.16e-05, 4.03e-05, 3.35e-05, 7.52e-06, 1.02e-05, 4.39e-06, 3.81e-05]    [7.39e-05, 1.26e-04, 4.96e-05, 0.00e+00, 0.00e+00, 0.00e+00, 0.00e+00, 0.00e+00]    []  
2500      [5.73e-05, 7.44e-05, 3.82e-05, 2.81e-05, 7.01e-06, 9.34e-06, 4.05e-06, 3.32e-05]    [6.75e-05, 1.17e-04, 4.64e-05, 0.00e+00, 0.00e+00, 0.00e+00, 0.00e+00, 0.00e+00]    []  
2600      [5.14e-05, 6.78e-05, 3.62e-05, 2.33e-05, 6.54e-06, 8.57e-06, 3.75e-06, 2.91e-05]    [6.15e-05, 1.08e-04, 4.34e-05, 0.00e+00, 0.00e+00, 0.00e+00, 0.00e+00, 0.00e+00]    []  
2700      [8.92e-04, 3.14e-04, 2.83e-04, 2.85e-05, 4.75e-06, 4.58e-05, 4.14e-06, 1.52e-04]    [1.07e-03, 4.31e-04, 3.43e-04, 0.00e+00, 0.00e+00, 0.00e+00, 0.00e+00, 0.00e+00]    []  
2800      [4.42e-05, 5.68e-05, 2.95e-05, 1.72e-05, 4.93e-06, 8.46e-06, 3.40e-06, 3.03e-05]    [5.17e-05, 9.00e-05, 3.29e-05, 0.00e+00, 0.00e+00, 0.00e+00, 0.00e+00, 0.00e+00]    []  
2900      [3.91e-05, 5.19e-05, 2.75e-05, 1.47e-05, 5.02e-06, 7.81e-06, 2.93e-06, 2.44e-05]    [4.68e-05, 8.36e-05, 3.12e-05, 0.00e+00, 0.00e+00, 0.00e+00, 0.00e+00, 0.00e+00]    []  
3000      [3.50e-05, 4.75e-05, 2.60e-05, 1.23e-05, 4.80e-06, 7.09e-06, 2.64e-06, 2.09e-05]    [4.32e-05, 7.70e-05, 2.97e-05, 0.00e+00, 0.00e+00, 0.00e+00, 0.00e+00, 0.00e+00]    []  
3100      [3.15e-05, 4.35e-05, 2.44e-05, 1.02e-05, 4.57e-06, 6.45e-06, 2.40e-06, 1.83e-05]    [4.00e-05, 7.08e-05, 2.80e-05, 0.00e+00, 0.00e+00, 0.00e+00, 0.00e+00, 0.00e+00]    []  
3200      [2.84e-05, 3.98e-05, 2.28e-05, 8.42e-06, 4.35e-06, 5.90e-06, 2.20e-06, 1.62e-05]    [3.72e-05, 6.51e-05, 2.64e-05, 0.00e+00, 0.00e+00, 0.00e+00, 0.00e+00, 0.00e+00]    []  
3300      [2.58e-05, 3.65e-05, 2.13e-05, 7.03e-06, 4.15e-06, 5.42e-06, 2.03e-06, 1.45e-05]    [3.47e-05, 5.99e-05, 2.48e-05, 0.00e+00, 0.00e+00, 0.00e+00, 0.00e+00, 0.00e+00]    []  
3400      [1.97e-04, 6.85e-05, 5.74e-05, 6.48e-06, 2.68e-06, 1.35e-05, 2.13e-06, 4.71e-05]    [2.01e-04, 8.26e-05, 4.70e-05, 0.00e+00, 0.00e+00, 0.00e+00, 0.00e+00, 0.00e+00]    []  
3500      [2.40e-05, 3.26e-05, 1.52e-05, 6.20e-06, 3.23e-06, 5.61e-06, 1.73e-06, 1.54e-05]    [3.12e-05, 5.29e-05, 1.73e-05, 0.00e+00, 0.00e+00, 0.00e+00, 0.00e+00, 0.00e+00]    []  
3600      [2.13e-05, 3.01e-05, 1.45e-05, 5.61e-06, 3.19e-06, 4.99e-06, 1.51e-06, 1.30e-05]    [2.90e-05, 4.88e-05, 1.69e-05, 0.00e+00, 0.00e+00, 0.00e+00, 0.00e+00, 0.00e+00]    []  
3700      [1.94e-05, 2.79e-05, 1.39e-05, 4.99e-06, 3.08e-06, 4.55e-06, 1.37e-06, 1.14e-05]    [2.73e-05, 4.51e-05, 1.63e-05, 0.00e+00, 0.00e+00, 0.00e+00, 0.00e+00, 0.00e+00]    []  
3800      [1.78e-05, 2.59e-05, 1.33e-05, 4.45e-06, 2.98e-06, 4.18e-06, 1.26e-06, 1.03e-05]    [2.57e-05, 4.18e-05, 1.57e-05, 0.00e+00, 0.00e+00, 0.00e+00, 0.00e+00, 0.00e+00]    []  
3900      [1.64e-05, 2.41e-05, 1.26e-05, 4.00e-06, 2.88e-06, 3.85e-06, 1.17e-06, 9.31e-06]    [2.42e-05, 3.88e-05, 1.51e-05, 0.00e+00, 0.00e+00, 0.00e+00, 0.00e+00, 0.00e+00]    []  
4000      [1.53e-05, 2.25e-05, 1.20e-05, 3.64e-06, 2.78e-06, 3.54e-06, 1.10e-06, 8.52e-06]    [2.28e-05, 3.60e-05, 1.45e-05, 0.00e+00, 0.00e+00, 0.00e+00, 0.00e+00, 0.00e+00]    []  
4100      [1.88e-05, 2.27e-05, 1.10e-05, 4.13e-06, 2.50e-06, 4.02e-06, 1.31e-06, 1.33e-05]    [2.40e-05, 3.37e-05, 1.22e-05, 0.00e+00, 0.00e+00, 0.00e+00, 0.00e+00, 0.00e+00]    []  
4200      [1.54e-05, 2.09e-05, 9.56e-06, 3.95e-06, 2.37e-06, 3.75e-06, 9.32e-07, 1.01e-05]    [2.11e-05, 3.22e-05, 1.12e-05, 0.00e+00, 0.00e+00, 0.00e+00, 0.00e+00, 0.00e+00]    []  
4300      [1.37e-05, 1.96e-05, 9.15e-06, 3.60e-06, 2.23e-06, 3.41e-06, 7.88e-07, 8.63e-06]    [1.96e-05, 3.03e-05, 1.08e-05, 0.00e+00, 0.00e+00, 0.00e+00, 0.00e+00, 0.00e+00]    []  
4400      [1.24e-05, 1.84e-05, 8.83e-06, 3.28e-06, 2.12e-06, 3.12e-06, 7.09e-07, 7.65e-06]    [1.83e-05, 2.85e-05, 1.05e-05, 0.00e+00, 0.00e+00, 0.00e+00, 0.00e+00, 0.00e+00]    []  
4500      [1.21e-05, 1.89e-05, 8.36e-06, 4.08e-06, 1.92e-06, 3.65e-06, 6.53e-07, 6.67e-06]    [1.84e-05, 2.87e-05, 9.82e-06, 0.00e+00, 0.00e+00, 0.00e+00, 0.00e+00, 0.00e+00]    []  
4600      [1.06e-05, 1.70e-05, 8.06e-06, 2.99e-06, 1.86e-06, 2.62e-06, 6.48e-07, 6.15e-06]    [1.63e-05, 2.60e-05, 9.82e-06, 0.00e+00, 0.00e+00, 0.00e+00, 0.00e+00, 0.00e+00]    []  
4700      [9.90e-06, 1.59e-05, 7.89e-06, 2.73e-06, 1.82e-06, 2.40e-06, 6.28e-07, 5.72e-06]    [1.53e-05, 2.41e-05, 9.66e-06, 0.00e+00, 0.00e+00, 0.00e+00, 0.00e+00, 0.00e+00]    []  
4800      [9.27e-06, 1.50e-05, 7.69e-06, 2.51e-06, 1.77e-06, 2.20e-06, 6.10e-07, 5.32e-06]    [1.43e-05, 2.25e-05, 9.45e-06, 0.00e+00, 0.00e+00, 0.00e+00, 0.00e+00, 0.00e+00]    []  
4900      [2.58e-04, 1.05e-04, 5.90e-05, 4.91e-05, 2.16e-06, 4.18e-05, 8.53e-07, 5.50e-05]    [2.21e-04, 9.07e-05, 4.42e-05, 0.00e+00, 0.00e+00, 0.00e+00, 0.00e+00, 0.00e+00]    []  
5000      [9.50e-06, 1.46e-05, 6.74e-06, 2.54e-06, 1.76e-06, 1.99e-06, 6.40e-07, 5.19e-06]    [1.45e-05, 2.16e-05, 8.29e-06, 0.00e+00, 0.00e+00, 0.00e+00, 0.00e+00, 0.00e+00]    []  
5100      [8.68e-06, 1.38e-05, 6.63e-06, 2.28e-06, 1.63e-06, 1.81e-06, 5.68e-07, 4.67e-06]    [1.33e-05, 2.04e-05, 8.22e-06, 0.00e+00, 0.00e+00, 0.00e+00, 0.00e+00, 0.00e+00]    []  
5200      [9.65e-06, 1.42e-05, 6.67e-06, 2.36e-06, 1.43e-06, 1.78e-06, 4.91e-07, 5.00e-06]    [1.35e-05, 2.03e-05, 8.58e-06, 0.00e+00, 0.00e+00, 0.00e+00, 0.00e+00, 0.00e+00]    []  
5300      [7.37e-06, 1.27e-05, 6.26e-06, 2.07e-06, 1.40e-06, 1.60e-06, 4.96e-07, 4.18e-06]    [1.12e-05, 1.84e-05, 7.83e-06, 0.00e+00, 0.00e+00, 0.00e+00, 0.00e+00, 0.00e+00]    []  
5400      [6.87e-06, 1.20e-05, 6.14e-06, 1.88e-06, 1.37e-06, 1.46e-06, 4.87e-07, 3.90e-06]    [1.04e-05, 1.72e-05, 7.70e-06, 0.00e+00, 0.00e+00, 0.00e+00, 0.00e+00, 0.00e+00]    []  
5500      [1.08e-04, 5.16e-05, 2.54e-05, 2.12e-05, 1.19e-06, 1.12e-05, 4.47e-07, 5.99e-06]    [1.43e-04, 5.79e-05, 2.86e-05, 0.00e+00, 0.00e+00, 0.00e+00, 0.00e+00, 0.00e+00]    []  
5600      [6.45e-06, 1.14e-05, 5.67e-06, 1.91e-06, 1.21e-06, 1.37e-06, 4.20e-07, 4.06e-06]    [9.37e-06, 1.60e-05, 7.13e-06, 0.00e+00, 0.00e+00, 0.00e+00, 0.00e+00, 0.00e+00]    []  
5700      [5.85e-06, 1.07e-05, 5.56e-06, 1.71e-06, 1.17e-06, 1.25e-06, 4.19e-07, 3.70e-06]    [8.56e-06, 1.50e-05, 6.99e-06, 0.00e+00, 0.00e+00, 0.00e+00, 0.00e+00, 0.00e+00]    []  
5800      [2.76e-05, 1.40e-05, 1.75e-05, 1.95e-06, 1.15e-06, 1.71e-05, 4.51e-07, 3.48e-06]    [3.11e-05, 1.94e-05, 2.11e-05, 0.00e+00, 0.00e+00, 0.00e+00, 0.00e+00, 0.00e+00]    []  
5900      [1.79e-03, 5.23e-04, 3.97e-04, 2.61e-06, 1.32e-06, 2.05e-05, 6.35e-07, 3.88e-04]    [1.84e-03, 5.44e-04, 4.14e-04, 0.00e+00, 0.00e+00, 0.00e+00, 0.00e+00, 0.00e+00]    []  
6000      [5.26e-06, 9.60e-06, 5.21e-06, 1.45e-06, 1.18e-06, 1.02e-06, 4.45e-07, 3.17e-06]    [7.61e-06, 1.32e-05, 6.71e-06, 0.00e+00, 0.00e+00, 0.00e+00, 0.00e+00, 0.00e+00]    []  
6100      [5.03e-06, 9.81e-06, 5.27e-06, 2.24e-06, 1.05e-06, 1.49e-06, 4.37e-07, 2.83e-06]    [7.44e-06, 1.34e-05, 6.85e-06, 0.00e+00, 0.00e+00, 0.00e+00, 0.00e+00, 0.00e+00]    []  
6200      [1.94e-05, 1.26e-05, 8.08e-06, 1.46e-06, 1.20e-06, 1.30e-06, 5.11e-07, 6.22e-06]    [2.07e-05, 1.58e-05, 1.04e-05, 0.00e+00, 0.00e+00, 0.00e+00, 0.00e+00, 0.00e+00]    []  
6300      [4.44e-06, 8.68e-06, 4.89e-06, 1.19e-06, 1.03e-06, 8.15e-07, 4.23e-07, 2.71e-06]    [6.38e-06, 1.18e-05, 6.34e-06, 0.00e+00, 0.00e+00, 0.00e+00, 0.00e+00, 0.00e+00]    []  
6400      [4.27e-06, 9.35e-06, 5.29e-06, 2.42e-06, 9.20e-07, 2.87e-06, 4.20e-07, 2.51e-06]    [6.28e-06, 1.26e-05, 6.90e-06, 0.00e+00, 0.00e+00, 0.00e+00, 0.00e+00, 0.00e+00]    []  
6500      [7.04e-06, 9.36e-06, 5.42e-06, 1.42e-06, 8.50e-07, 1.37e-06, 4.40e-07, 2.89e-06]    [1.00e-05, 1.24e-05, 6.65e-06, 0.00e+00, 0.00e+00, 0.00e+00, 0.00e+00, 0.00e+00]    []  
6600      [1.22e-04, 3.90e-05, 4.06e-05, 1.29e-05, 1.06e-06, 2.91e-05, 5.31e-07, 3.98e-06]    [1.42e-04, 4.63e-05, 4.85e-05, 0.00e+00, 0.00e+00, 0.00e+00, 0.00e+00, 0.00e+00]    []  
6700      [4.81e-05, 4.80e-05, 6.75e-05, 2.21e-04, 8.20e-07, 2.45e-04, 4.20e-07, 1.63e-05]    [4.79e-05, 4.16e-05, 6.67e-05, 0.00e+00, 0.00e+00, 0.00e+00, 0.00e+00, 0.00e+00]    []  
6800      [1.42e-05, 1.13e-05, 6.80e-06, 1.16e-06, 8.63e-07, 6.83e-07, 4.53e-07, 4.30e-06]    [1.73e-05, 1.39e-05, 7.71e-06, 0.00e+00, 0.00e+00, 0.00e+00, 0.00e+00, 0.00e+00]    []  
6900      [1.60e-04, 3.40e-05, 8.43e-05, 4.79e-05, 8.31e-07, 1.04e-04, 6.25e-07, 3.34e-05]    [1.77e-04, 3.30e-05, 8.68e-05, 0.00e+00, 0.00e+00, 0.00e+00, 0.00e+00, 0.00e+00]    []  
7000      [1.10e-03, 5.41e-04, 1.38e-04, 1.52e-04, 8.07e-07, 7.62e-05, 5.63e-07, 2.22e-04]    [1.16e-03, 5.86e-04, 1.34e-04, 0.00e+00, 0.00e+00, 0.00e+00, 0.00e+00, 0.00e+00]    []  
7100      [3.54e-06, 7.68e-06, 5.14e-06, 4.72e-06, 7.41e-07, 4.86e-06, 4.36e-07, 2.12e-06]    [4.98e-06, 1.00e-05, 6.37e-06, 0.00e+00, 0.00e+00, 0.00e+00, 0.00e+00, 0.00e+00]    []  
7200      [6.79e-06, 7.88e-06, 5.04e-06, 1.01e-06, 7.49e-07, 8.15e-07, 4.53e-07, 2.24e-06]    [9.34e-06, 1.03e-05, 6.27e-06, 0.00e+00, 0.00e+00, 0.00e+00, 0.00e+00, 0.00e+00]    []  
7300      [8.13e-05, 4.61e-05, 1.21e-05, 2.85e-05, 8.45e-07, 4.97e-06, 5.51e-07, 1.25e-05]    [9.26e-05, 5.15e-05, 1.47e-05, 0.00e+00, 0.00e+00, 0.00e+00, 0.00e+00, 0.00e+00]    []  
7400      [6.04e-05, 2.12e-05, 1.57e-05, 1.80e-05, 6.97e-07, 9.92e-06, 4.52e-07, 3.36e-06]    [6.41e-05, 2.25e-05, 1.60e-05, 0.00e+00, 0.00e+00, 0.00e+00, 0.00e+00, 0.00e+00]    []  
7500      [1.36e-04, 3.74e-05, 4.21e-05, 7.90e-06, 6.76e-07, 1.05e-05, 4.76e-07, 3.20e-05]    [1.37e-04, 3.96e-05, 4.20e-05, 0.00e+00, 0.00e+00, 0.00e+00, 0.00e+00, 0.00e+00]    []  
7600      [6.99e-05, 2.62e-05, 1.78e-05, 7.42e-07, 6.24e-07, 4.19e-07, 4.50e-07, 1.79e-05]    [6.75e-05, 2.87e-05, 2.01e-05, 0.00e+00, 0.00e+00, 0.00e+00, 0.00e+00, 0.00e+00]    []  
7700      [2.93e-06, 5.89e-06, 3.85e-06, 8.64e-07, 6.25e-07, 5.17e-07, 4.06e-07, 1.66e-06]    [3.93e-06, 8.06e-06, 5.40e-06, 0.00e+00, 0.00e+00, 0.00e+00, 0.00e+00, 0.00e+00]    []  
7800      [5.55e-05, 1.94e-05, 1.57e-05, 1.11e-05, 6.07e-07, 1.12e-05, 4.65e-07, 1.56e-06]    [6.55e-05, 2.21e-05, 1.68e-05, 0.00e+00, 0.00e+00, 0.00e+00, 0.00e+00, 0.00e+00]    []  
7900      [2.68e-06, 6.29e-06, 4.19e-06, 3.17e-06, 5.50e-07, 3.28e-06, 4.44e-07, 1.49e-06]    [3.90e-06, 8.47e-06, 5.57e-06, 0.00e+00, 0.00e+00, 0.00e+00, 0.00e+00, 0.00e+00]    []  
8000      [2.97e-06, 5.75e-06, 3.83e-06, 1.22e-06, 5.55e-07, 1.68e-06, 4.29e-07, 1.59e-06]    [3.86e-06, 7.95e-06, 5.21e-06, 0.00e+00, 0.00e+00, 0.00e+00, 0.00e+00, 0.00e+00]    []  
8100      [2.44e-06, 5.31e-06, 3.50e-06, 6.44e-07, 5.22e-07, 3.58e-07, 4.03e-07, 1.41e-06]    [3.42e-06, 7.33e-06, 4.90e-06, 0.00e+00, 0.00e+00, 0.00e+00, 0.00e+00, 0.00e+00]    []  
8200      [2.65e-06, 5.53e-06, 3.82e-06, 7.11e-07, 5.40e-07, 9.33e-07, 4.45e-07, 1.40e-06]    [3.65e-06, 7.79e-06, 5.34e-06, 0.00e+00, 0.00e+00, 0.00e+00, 0.00e+00, 0.00e+00]    []  
8300      [7.21e-05, 2.75e-05, 1.73e-05, 4.74e-06, 5.28e-07, 2.73e-06, 3.66e-07, 1.16e-05]    [7.98e-05, 3.18e-05, 2.15e-05, 0.00e+00, 0.00e+00, 0.00e+00, 0.00e+00, 0.00e+00]    []  
8400      [1.16e-03, 2.91e-04, 2.96e-04, 2.06e-04, 5.00e-07, 1.98e-04, 2.89e-07, 1.83e-04]    [9.89e-04, 2.33e-04, 2.46e-04, 0.00e+00, 0.00e+00, 0.00e+00, 0.00e+00, 0.00e+00]    []  
8500      [1.16e-05, 3.27e-05, 9.27e-06, 7.80e-05, 4.29e-07, 7.35e-05, 3.97e-07, 2.31e-06]    [1.25e-05, 3.79e-05, 9.67e-06, 0.00e+00, 0.00e+00, 0.00e+00, 0.00e+00, 0.00e+00]    []  
8600      [2.35e-04, 9.18e-05, 5.27e-05, 1.22e-05, 6.41e-07, 7.53e-06, 6.04e-07, 5.21e-05]    [2.48e-04, 1.01e-04, 5.16e-05, 0.00e+00, 0.00e+00, 0.00e+00, 0.00e+00, 0.00e+00]    []  
8700      [3.72e-06, 5.14e-06, 4.31e-06, 5.37e-07, 4.70e-07, 1.26e-06, 3.78e-07, 1.50e-06]    [4.24e-06, 7.14e-06, 5.62e-06, 0.00e+00, 0.00e+00, 0.00e+00, 0.00e+00, 0.00e+00]    []  
8800      [2.05e-06, 4.50e-06, 3.07e-06, 4.59e-07, 4.52e-07, 2.32e-07, 3.90e-07, 1.14e-06]    [2.87e-06, 6.43e-06, 4.47e-06, 0.00e+00, 0.00e+00, 0.00e+00, 0.00e+00, 0.00e+00]    []  
8900      [2.67e-06, 6.28e-06, 3.89e-06, 1.15e-06, 5.19e-07, 6.12e-07, 5.04e-07, 1.16e-06]    [3.85e-06, 8.40e-06, 5.50e-06, 0.00e+00, 0.00e+00, 0.00e+00, 0.00e+00, 0.00e+00]    []  
9000      [6.49e-06, 5.33e-06, 5.11e-06, 2.15e-06, 4.35e-07, 1.70e-06, 3.99e-07, 2.22e-06]    [6.94e-06, 7.33e-06, 7.12e-06, 0.00e+00, 0.00e+00, 0.00e+00, 0.00e+00, 0.00e+00]    []  
9100      [1.24e-03, 4.28e-04, 2.61e-04, 1.33e-04, 4.75e-07, 7.33e-05, 4.81e-07, 2.52e-04]    [1.29e-03, 4.75e-04, 2.51e-04, 0.00e+00, 0.00e+00, 0.00e+00, 0.00e+00, 0.00e+00]    []  
9200      [1.89e-06, 4.31e-06, 3.04e-06, 5.15e-07, 4.13e-07, 3.03e-07, 3.51e-07, 1.09e-06]    [2.63e-06, 6.23e-06, 4.45e-06, 0.00e+00, 0.00e+00, 0.00e+00, 0.00e+00, 0.00e+00]    []  
9300      [9.49e-05, 1.25e-05, 8.46e-05, 3.98e-05, 3.84e-07, 7.58e-05, 2.71e-07, 2.05e-05]    [1.01e-04, 1.23e-05, 9.76e-05, 0.00e+00, 0.00e+00, 0.00e+00, 0.00e+00, 0.00e+00]    []  
9400      [5.41e-06, 5.15e-06, 3.85e-06, 3.87e-07, 4.09e-07, 1.21e-06, 3.49e-07, 1.24e-06]    [6.64e-06, 7.10e-06, 5.56e-06, 0.00e+00, 0.00e+00, 0.00e+00, 0.00e+00, 0.00e+00]    []  
9500      [5.07e-06, 5.97e-06, 3.32e-06, 1.24e-06, 4.07e-07, 2.28e-07, 3.90e-07, 2.07e-06]    [5.43e-06, 7.50e-06, 4.56e-06, 0.00e+00, 0.00e+00, 0.00e+00, 0.00e+00, 0.00e+00]    []  
9600      [6.77e-06, 1.10e-05, 3.55e-06, 1.42e-05, 4.00e-07, 2.99e-06, 3.47e-07, 1.85e-06]    [6.22e-06, 1.13e-05, 4.89e-06, 0.00e+00, 0.00e+00, 0.00e+00, 0.00e+00, 0.00e+00]    []  
9700      [1.67e-06, 3.76e-06, 2.63e-06, 3.50e-07, 3.91e-07, 1.66e-07, 3.59e-07, 9.80e-07]    [2.31e-06, 5.55e-06, 3.93e-06, 0.00e+00, 0.00e+00, 0.00e+00, 0.00e+00, 0.00e+00]    []  
9800      [1.77e-06, 4.38e-06, 3.17e-06, 4.17e-06, 4.05e-07, 2.41e-06, 3.61e-07, 9.61e-07]    [2.38e-06, 5.94e-06, 4.35e-06, 0.00e+00, 0.00e+00, 0.00e+00, 0.00e+00, 0.00e+00]    []  
9900      [2.09e-06, 3.76e-06, 2.56e-06, 6.36e-07, 3.96e-07, 1.54e-07, 3.52e-07, 8.98e-07]    [2.95e-06, 5.53e-06, 3.81e-06, 0.00e+00, 0.00e+00, 0.00e+00, 0.00e+00, 0.00e+00]    []  
10000     [3.66e-06, 5.95e-06, 2.74e-06, 1.99e-06, 3.36e-07, 1.55e-06, 3.02e-07, 1.26e-06]    [4.88e-06, 7.36e-06, 3.99e-06, 0.00e+00, 0.00e+00, 0.00e+00, 0.00e+00, 0.00e+00]    []  

Best model at step 9700:
  train loss: 1.03e-05
  test loss: 1.18e-05
  test metric: []

'train' took 301.486852 s

Saving loss history to loss.dat ...
Saving training data to train.dat ...
Saving test data to test.dat ...
